Filtering Blocked Users from: 2025-02-14 to 2025-02-20
Total Blocked: 119, Unique Blocked: 87
Filtered Blocked Countries: Array
(
    [China] => 64
    [Russia] => 28
    [India] => 12
    [Bangladesh] => 6
    [Brazil] => 3
    [Romania] => 2
    [Philippines] => 1
    [Vietnam] => 1
    [Taiwan] => 1
    [Indonesia] => 1
)

Filtering Blocked Users from: 2025-02-19 to 2025-02-19
Total Blocked: 15, Unique Blocked: 12
Filtered Blocked Countries: Array
(
    [China] => 11
    [India] => 3
    [Taiwan] => 1
)

Filtering Blocked Users from: 2025-02-07 to 2025-02-20
Total Blocked: 174, Unique Blocked: 128
Filtered Blocked Countries: Array
(
    [China] => 94
    [Russia] => 41
    [India] => 15
    [Bangladesh] => 6
    [Czechia] => 4
    [Brazil] => 4
    [Vietnam] => 2
    [Romania] => 2
    [Ukraine] => 1
    [Israel] => 1
    [Seychelles] => 1
    [Philippines] => 1
    [Taiwan] => 1
    [Indonesia] => 1
)

Filtering Blocked Users from: 2025-01-22 to 2025-02-20
Total Blocked: 174, Unique Blocked: 128
Filtered Blocked Countries: Array
(
    [China] => 94
    [Russia] => 41
    [India] => 15
    [Bangladesh] => 6
    [Czechia] => 4
    [Brazil] => 4
    [Vietnam] => 2
    [Romania] => 2
    [Ukraine] => 1
    [Israel] => 1
    [Seychelles] => 1
    [Philippines] => 1
    [Taiwan] => 1
    [Indonesia] => 1
)

Filtering Blocked Users from: 2025-02-01 to 2025-02-20
Total Blocked: 174, Unique Blocked: 128
Filtered Blocked Countries: Array
(
    [China] => 94
    [Russia] => 41
    [India] => 15
    [Bangladesh] => 6
    [Czechia] => 4
    [Brazil] => 4
    [Vietnam] => 2
    [Romania] => 2
    [Ukraine] => 1
    [Israel] => 1
    [Seychelles] => 1
    [Philippines] => 1
    [Taiwan] => 1
    [Indonesia] => 1
)

Filtering Blocked Users from: 2025-01-01 to 2025-01-31
Total Blocked: 0, Unique Blocked: 0
Filtered Blocked Countries: Array
(
)

Filtering Blocked Users from: 2024-11-01 to 2025-02-20
Total Blocked: 174, Unique Blocked: 128
Filtered Blocked Countries: Array
(
    [China] => 94
    [Russia] => 41
    [India] => 15
    [Bangladesh] => 6
    [Czechia] => 4
    [Brazil] => 4
    [Vietnam] => 2
    [Romania] => 2
    [Ukraine] => 1
    [Israel] => 1
    [Seychelles] => 1
    [Philippines] => 1
    [Taiwan] => 1
    [Indonesia] => 1
)

Filtering Blocked Users from: 2024-08-01 to 2025-02-20
Total Blocked: 174, Unique Blocked: 128
Filtered Blocked Countries: Array
(
    [China] => 94
    [Russia] => 41
    [India] => 15
    [Bangladesh] => 6
    [Czechia] => 4
    [Brazil] => 4
    [Vietnam] => 2
    [Romania] => 2
    [Ukraine] => 1
    [Israel] => 1
    [Seychelles] => 1
    [Philippines] => 1
    [Taiwan] => 1
    [Indonesia] => 1
)

Filtering Blocked Users from: 2025-02-19 to 2025-02-19
Total Blocked: 15, Unique Blocked: 12
Filtered Blocked Countries: Array
(
    [China] => 11
    [India] => 3
    [Taiwan] => 1
)

Filtering Blocked Users from: 2025-02-01 to 2025-02-20
Total Blocked: 174, Unique Blocked: 128
Filtered Blocked Countries: Array
(
    [China] => 94
    [Russia] => 41
    [India] => 15
    [Bangladesh] => 6
    [Czechia] => 4
    [Brazil] => 4
    [Vietnam] => 2
    [Romania] => 2
    [Ukraine] => 1
    [Israel] => 1
    [Seychelles] => 1
    [Philippines] => 1
    [Taiwan] => 1
    [Indonesia] => 1
)

Filtering Blocked Users from: 2025-01-01 to 2025-01-31
Total Blocked: 0, Unique Blocked: 0
Filtered Blocked Countries: Array
(
)

Filtering Blocked Users from: 2025-02-20 to 2025-02-20
Total Blocked: 12, Unique Blocked: 7
Filtered Blocked Countries: Array
(
    [Russia] => 5
    [China] => 3
    [Brazil] => 3
    [Indonesia] => 1
)

Filtering Blocked Users from:  to 
Total Blocked: 180, Unique Blocked: 132
Filtered Blocked Countries: Array
(
    [China] => 98
    [Russia] => 42
    [India] => 15
    [Bangladesh] => 6
    [Czechia] => 4
    [Brazil] => 4
    [Vietnam] => 2
    [Romania] => 2
    [Ukraine] => 1
    [Israel] => 1
    [Seychelles] => 1
    [Canada] => 1
    [Philippines] => 1
    [Taiwan] => 1
    [Indonesia] => 1
)

Filtering Blocked Users from: 2025-02-19 to 2025-02-19
Total Blocked: 15, Unique Blocked: 12
Filtered Blocked Countries: Array
(
    [China] => 11
    [India] => 3
    [Taiwan] => 1
)

Filtering Blocked Users from: 2025-02-14 to 2025-02-20
Total Blocked: 119, Unique Blocked: 87
Filtered Blocked Countries: Array
(
    [China] => 64
    [Russia] => 28
    [India] => 12
    [Bangladesh] => 6
    [Brazil] => 3
    [Romania] => 2
    [Philippines] => 1
    [Vietnam] => 1
    [Taiwan] => 1
    [Indonesia] => 1
)

